buffer.oz 000100000200002d
factory.oz 0001000002000109
fstream.oz 000100000200011d
funcs.oz 0001000002000122
ifstream.oz 0001000002000131
iofstream.oz 000100000200014f
iostream.oz 0001000002000154
iotext.oz 0001000002000159
iotexta.oz 000100000200015e
iotexta2.oz 0001000002000163
iotextsun.oz 0001000002000168
istream.oz 000100000200016d
itest.oz 0001000002000172
itext.oz 0001000002000177
itextsun.oz 000100000200017c
ofstream.oz 00010000020001ea
ostream.oz 0001000002000203
otest.oz 000100000200020d
otext.oz 0001000002000212
otextsun.oz 0001000002000217
stest.oz 000100000200028f
ttest.oz 00010000020002cb
