bin/disinstaller
original=/home/hotate/nishioka/project/oz++/work
destination=.
clean-up directories
installing /home/hotate/nishioka/project/oz++/work/etc/boot-school
setup directories
installing ordinary classes
installing /home/hotate/nishioka/project/oz++/work/lib/boot-class/000100000200000c
installing /home/hotate/nishioka/project/oz++/work/lib/boot-class/000100000200000d
installing /home/hotate/nishioka/project/oz++/work/lib/boot-class/0001000002000011
installing /home/hotate/nishioka/project/oz++/work/lib/boot-class/0001000002000012
installing /home/hotate/nishioka/project/oz++/work/lib/boot-class/0001000002000016
installing /home/hotate/nishioka/project/oz++/work/lib/boot-class/0001000002000017
installing /home/hotate/nishioka/project/oz++/work/lib/boot-class/000100000200001b
installing /home/hotate/nishioka/project/oz++/work/lib/boot-class/000100000200001c
installing /home/hotate/nishioka/project/oz++/work/lib/boot-class/0001000002000020
installing /home/hotate/nishioka/project/oz++/work/lib/boot-class/0001000002000021
installing /home/hotate/nishioka/project/oz++/work/lib/boot-class/0001000002000025
installing /home/hotate/nishioka/project/oz++/work/lib/boot-class/0001000002000026
installing /home/hotate/nishioka/project/oz++/work/lib/boot-class/000100000200002a
installing /home/hotate/nishioka/project/oz++/work/lib/boot-class/000100000200002b
installing /home/hotate/nishioka/project/oz++/work/lib/boot-class/000100000200002f
installing /home/hotate/nishioka/project/oz++/work/lib/boot-class/0001000002000030
installing /home/hotate/nishioka/project/oz++/work/lib/boot-class/0001000002000034
installing /home/hotate/nishioka/project/oz++/work/lib/boot-class/0001000002000035
installing /home/hotate/nishioka/project/oz++/work/lib/boot-class/0001000002000039
installing /home/hotate/nishioka/project/oz++/work/lib/boot-class/000100000200003a
installing /home/hotate/nishioka/project/oz++/work/lib/boot-class/000100000200003e
installing /home/hotate/nishioka/project/oz++/work/lib/boot-class/000100000200003f
installing /home/hotate/nishioka/project/oz++/work/lib/boot-class/0001000002000043
installing /home/hotate/nishioka/project/oz++/work/lib/boot-class/0001000002000044
installing /home/hotate/nishioka/project/oz++/work/lib/boot-class/000100000200004a
installing /home/hotate/nishioka/project/oz++/work/lib/boot-class/000100000200004b
installing /home/hotate/nishioka/project/oz++/work/lib/boot-class/0001000002000051
installing /home/hotate/nishioka/project/oz++/work/lib/boot-class/0001000002000052
installing /home/hotate/nishioka/project/oz++/work/lib/boot-class/0001000002000056
installing /home/hotate/nishioka/project/oz++/work/lib/boot-class/0001000002000057
installing /home/hotate/nishioka/project/oz++/work/lib/boot-class/0001000002000064
installing /home/hotate/nishioka/project/oz++/work/lib/boot-class/0001000002000065
installing /home/hotate/nishioka/project/oz++/work/lib/boot-class/0001000002000069
installing /home/hotate/nishioka/project/oz++/work/lib/boot-class/000100000200006a
installing /home/hotate/nishioka/project/oz++/work/lib/boot-class/000100000200006e
installing /home/hotate/nishioka/project/oz++/work/lib/boot-class/000100000200006f
installing /home/hotate/nishioka/project/oz++/work/lib/boot-class/0001000002000073
installing /home/hotate/nishioka/project/oz++/work/lib/boot-class/0001000002000074
installing /home/hotate/nishioka/project/oz++/work/lib/boot-class/0001000002000078
installing /home/hotate/nishioka/project/oz++/work/lib/boot-class/0001000002000079
installing /home/hotate/nishioka/project/oz++/work/lib/boot-class/000100000200007d
installing /home/hotate/nishioka/project/oz++/work/lib/boot-class/000100000200007e
installing /home/hotate/nishioka/project/oz++/work/lib/boot-class/0001000002000082
installing /home/hotate/nishioka/project/oz++/work/lib/boot-class/0001000002000083
installing /home/hotate/nishioka/project/oz++/work/lib/boot-class/0001000002000087
installing /home/hotate/nishioka/project/oz++/work/lib/boot-class/0001000002000088
installing /home/hotate/nishioka/project/oz++/work/lib/boot-class/000100000200008c
installing /home/hotate/nishioka/project/oz++/work/lib/boot-class/000100000200008d
installing /home/hotate/nishioka/project/oz++/work/lib/boot-class/0001000002000096
installing /home/hotate/nishioka/project/oz++/work/lib/boot-class/0001000002000097
installing /home/hotate/nishioka/project/oz++/work/lib/boot-class/000100000200009b
installing /home/hotate/nishioka/project/oz++/work/lib/boot-class/000100000200009c
installing /home/hotate/nishioka/project/oz++/work/lib/boot-class/00010000020000a0
installing /home/hotate/nishioka/project/oz++/work/lib/boot-class/00010000020000a1
installing /home/hotate/nishioka/project/oz++/work/lib/boot-class/00010000020000aa
installing /home/hotate/nishioka/project/oz++/work/lib/boot-class/00010000020000ab
installing /home/hotate/nishioka/project/oz++/work/lib/boot-class/00010000020000af
installing /home/hotate/nishioka/project/oz++/work/lib/boot-class/00010000020000b0
installing /home/hotate/nishioka/project/oz++/work/lib/boot-class/00010000020000b4
installing /home/hotate/nishioka/project/oz++/work/lib/boot-class/00010000020000b5
installing /home/hotate/nishioka/project/oz++/work/lib/boot-class/00010000020000b9
installing /home/hotate/nishioka/project/oz++/work/lib/boot-class/00010000020000ba
installing /home/hotate/nishioka/project/oz++/work/lib/boot-class/00010000020000be
installing /home/hotate/nishioka/project/oz++/work/lib/boot-class/00010000020000bf
installing /home/hotate/nishioka/project/oz++/work/lib/boot-class/00010000020000c3
installing /home/hotate/nishioka/project/oz++/work/lib/boot-class/00010000020000c4
installing /home/hotate/nishioka/project/oz++/work/lib/boot-class/00010000020000c8
installing /home/hotate/nishioka/project/oz++/work/lib/boot-class/00010000020000c9
installing /home/hotate/nishioka/project/oz++/work/lib/boot-class/00010000020000cd
installing /home/hotate/nishioka/project/oz++/work/lib/boot-class/00010000020000ce
installing /home/hotate/nishioka/project/oz++/work/lib/boot-class/00010000020000d2
installing /home/hotate/nishioka/project/oz++/work/lib/boot-class/00010000020000d3
installing /home/hotate/nishioka/project/oz++/work/lib/boot-class/00010000020000d7
installing /home/hotate/nishioka/project/oz++/work/lib/boot-class/00010000020000d8
installing /home/hotate/nishioka/project/oz++/work/lib/boot-class/00010000020000dc
installing /home/hotate/nishioka/project/oz++/work/lib/boot-class/00010000020000dd
installing /home/hotate/nishioka/project/oz++/work/lib/boot-class/00010000020000e1
installing /home/hotate/nishioka/project/oz++/work/lib/boot-class/00010000020000e2
installing /home/hotate/nishioka/project/oz++/work/lib/boot-class/00010000020000e6
installing /home/hotate/nishioka/project/oz++/work/lib/boot-class/00010000020000e7
installing /home/hotate/nishioka/project/oz++/work/lib/boot-class/00010000020000eb
installing /home/hotate/nishioka/project/oz++/work/lib/boot-class/00010000020000ec
installing /home/hotate/nishioka/project/oz++/work/lib/boot-class/00010000020000f0
installing /home/hotate/nishioka/project/oz++/work/lib/boot-class/00010000020000f1
installing /home/hotate/nishioka/project/oz++/work/lib/boot-class/00010000020000f7
installing /home/hotate/nishioka/project/oz++/work/lib/boot-class/00010000020000f8
installing /home/hotate/nishioka/project/oz++/work/lib/boot-class/0001000002000101
installing /home/hotate/nishioka/project/oz++/work/lib/boot-class/0001000002000102
installing /home/hotate/nishioka/project/oz++/work/lib/boot-class/0001000002000106
installing /home/hotate/nishioka/project/oz++/work/lib/boot-class/0001000002000107
installing /home/hotate/nishioka/project/oz++/work/lib/boot-class/000100000200010b
installing /home/hotate/nishioka/project/oz++/work/lib/boot-class/000100000200010c
installing /home/hotate/nishioka/project/oz++/work/lib/boot-class/0001000002000115
installing /home/hotate/nishioka/project/oz++/work/lib/boot-class/0001000002000116
installing /home/hotate/nishioka/project/oz++/work/lib/boot-class/000100000200011a
installing /home/hotate/nishioka/project/oz++/work/lib/boot-class/000100000200011b
installing /home/hotate/nishioka/project/oz++/work/lib/boot-class/000100000200011f
installing /home/hotate/nishioka/project/oz++/work/lib/boot-class/0001000002000120
installing /home/hotate/nishioka/project/oz++/work/lib/boot-class/0001000002000124
installing /home/hotate/nishioka/project/oz++/work/lib/boot-class/0001000002000125
installing /home/hotate/nishioka/project/oz++/work/lib/boot-class/0001000002000129
installing /home/hotate/nishioka/project/oz++/work/lib/boot-class/000100000200012a
installing /home/hotate/nishioka/project/oz++/work/lib/boot-class/000100000200012e
installing /home/hotate/nishioka/project/oz++/work/lib/boot-class/000100000200012f
installing /home/hotate/nishioka/project/oz++/work/lib/boot-class/0001000002000138
installing /home/hotate/nishioka/project/oz++/work/lib/boot-class/0001000002000139
installing /home/hotate/nishioka/project/oz++/work/lib/boot-class/000100000200013d
installing /home/hotate/nishioka/project/oz++/work/lib/boot-class/000100000200013e
installing /home/hotate/nishioka/project/oz++/work/lib/boot-class/0001000002000142
installing /home/hotate/nishioka/project/oz++/work/lib/boot-class/0001000002000143
installing /home/hotate/nishioka/project/oz++/work/lib/boot-class/0001000002000147
installing /home/hotate/nishioka/project/oz++/work/lib/boot-class/0001000002000148
installing /home/hotate/nishioka/project/oz++/work/lib/boot-class/000100000200014c
installing /home/hotate/nishioka/project/oz++/work/lib/boot-class/000100000200014d
installing /home/hotate/nishioka/project/oz++/work/lib/boot-class/0001000002000151
installing /home/hotate/nishioka/project/oz++/work/lib/boot-class/0001000002000152
installing /home/hotate/nishioka/project/oz++/work/lib/boot-class/0001000002000156
installing /home/hotate/nishioka/project/oz++/work/lib/boot-class/0001000002000157
installing /home/hotate/nishioka/project/oz++/work/lib/boot-class/000100000200015b
installing /home/hotate/nishioka/project/oz++/work/lib/boot-class/000100000200015c
installing /home/hotate/nishioka/project/oz++/work/lib/boot-class/0001000002000162
installing /home/hotate/nishioka/project/oz++/work/lib/boot-class/0001000002000163
installing /home/hotate/nishioka/project/oz++/work/lib/boot-class/0001000002000167
installing /home/hotate/nishioka/project/oz++/work/lib/boot-class/0001000002000168
installing /home/hotate/nishioka/project/oz++/work/lib/boot-class/000100000200016c
installing /home/hotate/nishioka/project/oz++/work/lib/boot-class/000100000200016d
installing /home/hotate/nishioka/project/oz++/work/lib/boot-class/000100000200017d
installing /home/hotate/nishioka/project/oz++/work/lib/boot-class/000100000200017e
installing /home/hotate/nishioka/project/oz++/work/lib/boot-class/0001000002000182
installing /home/hotate/nishioka/project/oz++/work/lib/boot-class/0001000002000183
installing /home/hotate/nishioka/project/oz++/work/lib/boot-class/0001000002000187
installing /home/hotate/nishioka/project/oz++/work/lib/boot-class/0001000002000188
installing /home/hotate/nishioka/project/oz++/work/lib/boot-class/000100000200018c
installing /home/hotate/nishioka/project/oz++/work/lib/boot-class/000100000200018d
installing /home/hotate/nishioka/project/oz++/work/lib/boot-class/0001000002000191
installing /home/hotate/nishioka/project/oz++/work/lib/boot-class/0001000002000192
installing /home/hotate/nishioka/project/oz++/work/lib/boot-class/0001000002000196
installing /home/hotate/nishioka/project/oz++/work/lib/boot-class/0001000002000197
installing /home/hotate/nishioka/project/oz++/work/lib/boot-class/00010000020001a6
installing /home/hotate/nishioka/project/oz++/work/lib/boot-class/00010000020001a7
installing /home/hotate/nishioka/project/oz++/work/lib/boot-class/00010000020001ab
installing /home/hotate/nishioka/project/oz++/work/lib/boot-class/00010000020001ac
installing /home/hotate/nishioka/project/oz++/work/lib/boot-class/00010000020001b0
installing /home/hotate/nishioka/project/oz++/work/lib/boot-class/00010000020001b1
installing /home/hotate/nishioka/project/oz++/work/lib/boot-class/00010000020001b5
installing /home/hotate/nishioka/project/oz++/work/lib/boot-class/00010000020001b6
installing /home/hotate/nishioka/project/oz++/work/lib/boot-class/00010000020001ba
installing /home/hotate/nishioka/project/oz++/work/lib/boot-class/00010000020001bb
installing /home/hotate/nishioka/project/oz++/work/lib/boot-class/00010000020001bf
installing /home/hotate/nishioka/project/oz++/work/lib/boot-class/00010000020001c0
installing /home/hotate/nishioka/project/oz++/work/lib/boot-class/00010000020001c4
installing /home/hotate/nishioka/project/oz++/work/lib/boot-class/00010000020001c5
installing /home/hotate/nishioka/project/oz++/work/lib/boot-class/00010000020001c9
installing /home/hotate/nishioka/project/oz++/work/lib/boot-class/00010000020001ca
installing /home/hotate/nishioka/project/oz++/work/lib/boot-class/00010000020001ce
installing /home/hotate/nishioka/project/oz++/work/lib/boot-class/00010000020001cf
installing /home/hotate/nishioka/project/oz++/work/lib/boot-class/00010000020001d3
installing /home/hotate/nishioka/project/oz++/work/lib/boot-class/00010000020001d4
installing /home/hotate/nishioka/project/oz++/work/lib/boot-class/00010000020001d8
installing /home/hotate/nishioka/project/oz++/work/lib/boot-class/00010000020001d9
installing /home/hotate/nishioka/project/oz++/work/lib/boot-class/00010000020001dd
installing /home/hotate/nishioka/project/oz++/work/lib/boot-class/00010000020001de
installing /home/hotate/nishioka/project/oz++/work/lib/boot-class/00010000020001e2
installing /home/hotate/nishioka/project/oz++/work/lib/boot-class/00010000020001e3
installing /home/hotate/nishioka/project/oz++/work/lib/boot-class/00010000020001e7
installing /home/hotate/nishioka/project/oz++/work/lib/boot-class/00010000020001e8
installing /home/hotate/nishioka/project/oz++/work/lib/boot-class/00010000020001ec
installing /home/hotate/nishioka/project/oz++/work/lib/boot-class/00010000020001ed
installing /home/hotate/nishioka/project/oz++/work/lib/boot-class/00010000020001f1
installing /home/hotate/nishioka/project/oz++/work/lib/boot-class/00010000020001f2
installing /home/hotate/nishioka/project/oz++/work/lib/boot-class/00010000020001f6
installing /home/hotate/nishioka/project/oz++/work/lib/boot-class/00010000020001f7
installing /home/hotate/nishioka/project/oz++/work/lib/boot-class/00010000020001fb
installing /home/hotate/nishioka/project/oz++/work/lib/boot-class/00010000020001fc
installing /home/hotate/nishioka/project/oz++/work/lib/boot-class/0001000002000200
installing /home/hotate/nishioka/project/oz++/work/lib/boot-class/0001000002000201
installing /home/hotate/nishioka/project/oz++/work/lib/boot-class/0001000002000205
installing /home/hotate/nishioka/project/oz++/work/lib/boot-class/0001000002000206
installing /home/hotate/nishioka/project/oz++/work/lib/boot-class/000100000200020a
installing /home/hotate/nishioka/project/oz++/work/lib/boot-class/000100000200020b
installing /home/hotate/nishioka/project/oz++/work/lib/boot-class/000100000200020f
installing /home/hotate/nishioka/project/oz++/work/lib/boot-class/0001000002000210
installing /home/hotate/nishioka/project/oz++/work/lib/boot-class/0001000002000214
installing /home/hotate/nishioka/project/oz++/work/lib/boot-class/0001000002000215
installing /home/hotate/nishioka/project/oz++/work/lib/boot-class/0001000002000219
installing /home/hotate/nishioka/project/oz++/work/lib/boot-class/000100000200021a
installing /home/hotate/nishioka/project/oz++/work/lib/boot-class/0001000002000220
installing /home/hotate/nishioka/project/oz++/work/lib/boot-class/0001000002000221
installing /home/hotate/nishioka/project/oz++/work/lib/boot-class/0001000002000225
installing /home/hotate/nishioka/project/oz++/work/lib/boot-class/0001000002000226
installing /home/hotate/nishioka/project/oz++/work/lib/boot-class/000100000200022a
installing /home/hotate/nishioka/project/oz++/work/lib/boot-class/000100000200022b
installing /home/hotate/nishioka/project/oz++/work/lib/boot-class/000100000200022f
installing /home/hotate/nishioka/project/oz++/work/lib/boot-class/0001000002000230
installing /home/hotate/nishioka/project/oz++/work/lib/boot-class/0001000002000234
installing /home/hotate/nishioka/project/oz++/work/lib/boot-class/0001000002000235
installing /home/hotate/nishioka/project/oz++/work/lib/boot-class/000100000200023b
installing /home/hotate/nishioka/project/oz++/work/lib/boot-class/000100000200023c
installing /home/hotate/nishioka/project/oz++/work/lib/boot-class/0001000002000240
installing /home/hotate/nishioka/project/oz++/work/lib/boot-class/0001000002000241
installing /home/hotate/nishioka/project/oz++/work/lib/boot-class/0001000002000245
installing /home/hotate/nishioka/project/oz++/work/lib/boot-class/0001000002000246
installing /home/hotate/nishioka/project/oz++/work/lib/boot-class/000100000200024a
installing /home/hotate/nishioka/project/oz++/work/lib/boot-class/000100000200024b
installing /home/hotate/nishioka/project/oz++/work/lib/boot-class/000100000200024f
installing /home/hotate/nishioka/project/oz++/work/lib/boot-class/0001000002000250
installing /home/hotate/nishioka/project/oz++/work/lib/boot-class/0001000002000254
installing /home/hotate/nishioka/project/oz++/work/lib/boot-class/0001000002000255
installing /home/hotate/nishioka/project/oz++/work/lib/boot-class/0001000002000259
installing /home/hotate/nishioka/project/oz++/work/lib/boot-class/000100000200025a
installing /home/hotate/nishioka/project/oz++/work/lib/boot-class/000100000200025e
installing /home/hotate/nishioka/project/oz++/work/lib/boot-class/000100000200025f
installing /home/hotate/nishioka/project/oz++/work/lib/boot-class/0001000002000263
installing /home/hotate/nishioka/project/oz++/work/lib/boot-class/0001000002000264
installing /home/hotate/nishioka/project/oz++/work/lib/boot-class/0001000002000268
installing /home/hotate/nishioka/project/oz++/work/lib/boot-class/0001000002000269
installing /home/hotate/nishioka/project/oz++/work/lib/boot-class/0001000002000272
installing /home/hotate/nishioka/project/oz++/work/lib/boot-class/0001000002000273
installing /home/hotate/nishioka/project/oz++/work/lib/boot-class/0001000002000277
installing /home/hotate/nishioka/project/oz++/work/lib/boot-class/0001000002000278
installing /home/hotate/nishioka/project/oz++/work/lib/boot-class/000100000200027c
installing /home/hotate/nishioka/project/oz++/work/lib/boot-class/000100000200027d
installing /home/hotate/nishioka/project/oz++/work/lib/boot-class/0001000002000281
installing /home/hotate/nishioka/project/oz++/work/lib/boot-class/0001000002000282
installing /home/hotate/nishioka/project/oz++/work/lib/boot-class/0001000002000286
installing /home/hotate/nishioka/project/oz++/work/lib/boot-class/0001000002000287
installing /home/hotate/nishioka/project/oz++/work/lib/boot-class/000100000200028b
installing /home/hotate/nishioka/project/oz++/work/lib/boot-class/000100000200028c
installing /home/hotate/nishioka/project/oz++/work/lib/boot-class/0001000002fffffd
installing /home/hotate/nishioka/project/oz++/work/lib/boot-class/0001000002fffffe
installing /home/hotate/nishioka/project/oz++/work/lib/boot-class/0001000002000290
installing /home/hotate/nishioka/project/oz++/work/lib/boot-class/0001000002000291
installing /home/hotate/nishioka/project/oz++/work/lib/boot-class/0001000002000295
installing /home/hotate/nishioka/project/oz++/work/lib/boot-class/0001000002000296
installing /home/hotate/nishioka/project/oz++/work/lib/boot-class/000100000200029a
installing /home/hotate/nishioka/project/oz++/work/lib/boot-class/000100000200029b
installing /home/hotate/nishioka/project/oz++/work/lib/boot-class/00010000020002a1
installing /home/hotate/nishioka/project/oz++/work/lib/boot-class/00010000020002a2
installing /home/hotate/nishioka/project/oz++/work/lib/boot-class/00010000020002a6
installing /home/hotate/nishioka/project/oz++/work/lib/boot-class/00010000020002a7
installing /home/hotate/nishioka/project/oz++/work/lib/boot-class/00010000020002ab
installing /home/hotate/nishioka/project/oz++/work/lib/boot-class/00010000020002ac
installing /home/hotate/nishioka/project/oz++/work/lib/boot-class/00010000020002b2
installing /home/hotate/nishioka/project/oz++/work/lib/boot-class/00010000020002b3
installing /home/hotate/nishioka/project/oz++/work/lib/boot-class/00010000020002be
installing /home/hotate/nishioka/project/oz++/work/lib/boot-class/00010000020002bf
installing /home/hotate/nishioka/project/oz++/work/lib/boot-class/00010000020002c5
installing /home/hotate/nishioka/project/oz++/work/lib/boot-class/00010000020002c6
installing /home/hotate/nishioka/project/oz++/work/lib/boot-class/00010000020002cc
installing /home/hotate/nishioka/project/oz++/work/lib/boot-class/00010000020002cd
installing /home/hotate/nishioka/project/oz++/work/lib/boot-class/00010000020002d1
installing /home/hotate/nishioka/project/oz++/work/lib/boot-class/00010000020002d2
installing /home/hotate/nishioka/project/oz++/work/lib/boot-class/00010000020002d6
installing /home/hotate/nishioka/project/oz++/work/lib/boot-class/00010000020002d7
installing /home/hotate/nishioka/project/oz++/work/lib/boot-class/00010000020002db
installing /home/hotate/nishioka/project/oz++/work/lib/boot-class/00010000020002dc
installing /home/hotate/nishioka/project/oz++/work/lib/boot-class/00010000020002e0
installing /home/hotate/nishioka/project/oz++/work/lib/boot-class/00010000020002e1
installing /home/hotate/nishioka/project/oz++/work/lib/boot-class/00010000020002e7
installing /home/hotate/nishioka/project/oz++/work/lib/boot-class/00010000020002e8
installing /home/hotate/nishioka/project/oz++/work/lib/boot-class/00010000020002ec
installing /home/hotate/nishioka/project/oz++/work/lib/boot-class/00010000020002ed
installing /home/hotate/nishioka/project/oz++/work/lib/boot-class/00010000020002f1
installing /home/hotate/nishioka/project/oz++/work/lib/boot-class/00010000020002f2
installing /home/hotate/nishioka/project/oz++/work/lib/boot-class/00010000020002fa
installing /home/hotate/nishioka/project/oz++/work/lib/boot-class/00010000020002fb
installing /home/hotate/nishioka/project/oz++/work/lib/boot-class/0001000002000304
installing /home/hotate/nishioka/project/oz++/work/lib/boot-class/0001000002000305
installing /home/hotate/nishioka/project/oz++/work/lib/boot-class/0001000002000309
installing /home/hotate/nishioka/project/oz++/work/lib/boot-class/000100000200030a
installing /home/hotate/nishioka/project/oz++/work/lib/boot-class/000100000200030e
installing /home/hotate/nishioka/project/oz++/work/lib/boot-class/000100000200030f
installing /home/hotate/nishioka/project/oz++/work/lib/boot-class/0001000002000313
installing /home/hotate/nishioka/project/oz++/work/lib/boot-class/0001000002000314
installing /home/hotate/nishioka/project/oz++/work/lib/boot-class/0001000002000318
installing /home/hotate/nishioka/project/oz++/work/lib/boot-class/0001000002000319
installing /home/hotate/nishioka/project/oz++/work/lib/boot-class/000100000200031d
installing /home/hotate/nishioka/project/oz++/work/lib/boot-class/000100000200031e
installing /home/hotate/nishioka/project/oz++/work/lib/boot-class/0001000002000322
installing /home/hotate/nishioka/project/oz++/work/lib/boot-class/0001000002000323
installing /home/hotate/nishioka/project/oz++/work/lib/boot-class/0001000002000327
installing /home/hotate/nishioka/project/oz++/work/lib/boot-class/0001000002000328
installing /home/hotate/nishioka/project/oz++/work/lib/boot-class/000100000200032c
installing /home/hotate/nishioka/project/oz++/work/lib/boot-class/000100000200032d
installing /home/hotate/nishioka/project/oz++/work/lib/boot-class/0001000002000331
installing /home/hotate/nishioka/project/oz++/work/lib/boot-class/0001000002000332
installing /home/hotate/nishioka/project/oz++/work/lib/boot-class/0001000002000336
installing /home/hotate/nishioka/project/oz++/work/lib/boot-class/0001000002000337
installing /home/hotate/nishioka/project/oz++/work/lib/boot-class/0001000002000347
installing /home/hotate/nishioka/project/oz++/work/lib/boot-class/0001000002000348
installing /home/hotate/nishioka/project/oz++/work/lib/boot-class/000100000200034c
installing /home/hotate/nishioka/project/oz++/work/lib/boot-class/000100000200034d
installing /home/hotate/nishioka/project/oz++/work/lib/boot-class/0001000002000351
installing /home/hotate/nishioka/project/oz++/work/lib/boot-class/0001000002000352
installing /home/hotate/nishioka/project/oz++/work/lib/boot-class/0001000002000356
installing /home/hotate/nishioka/project/oz++/work/lib/boot-class/0001000002000357
installing /home/hotate/nishioka/project/oz++/work/lib/boot-class/0001000002000378
installing /home/hotate/nishioka/project/oz++/work/lib/boot-class/0001000002000379
installing /home/hotate/nishioka/project/oz++/work/lib/boot-class/000100000200037d
installing /home/hotate/nishioka/project/oz++/work/lib/boot-class/000100000200037e
installing /home/hotate/nishioka/project/oz++/work/lib/boot-class/0001000002000382
installing /home/hotate/nishioka/project/oz++/work/lib/boot-class/0001000002000383
installing /home/hotate/nishioka/project/oz++/work/lib/boot-class/000100000200038c
installing /home/hotate/nishioka/project/oz++/work/lib/boot-class/000100000200038d
installing /home/hotate/nishioka/project/oz++/work/lib/boot-class/0001000002000391
installing /home/hotate/nishioka/project/oz++/work/lib/boot-class/0001000002000392
installing /home/hotate/nishioka/project/oz++/work/lib/boot-class/000100000200039b
installing /home/hotate/nishioka/project/oz++/work/lib/boot-class/000100000200039c
installing /home/hotate/nishioka/project/oz++/work/lib/boot-class/00010000020003a2
installing /home/hotate/nishioka/project/oz++/work/lib/boot-class/00010000020003a3
installing /home/hotate/nishioka/project/oz++/work/lib/boot-class/00010000020003a7
installing /home/hotate/nishioka/project/oz++/work/lib/boot-class/00010000020003a8
installing /home/hotate/nishioka/project/oz++/work/lib/boot-class/00010000020003ac
installing /home/hotate/nishioka/project/oz++/work/lib/boot-class/00010000020003ad
installing /home/hotate/nishioka/project/oz++/work/lib/boot-class/00010000020003b1
installing /home/hotate/nishioka/project/oz++/work/lib/boot-class/00010000020003b2
installing /home/hotate/nishioka/project/oz++/work/lib/boot-class/00010000020003b6
installing /home/hotate/nishioka/project/oz++/work/lib/boot-class/00010000020003b7
installing /home/hotate/nishioka/project/oz++/work/lib/boot-class/00010000020003bd
installing /home/hotate/nishioka/project/oz++/work/lib/boot-class/00010000020003be
installing /home/hotate/nishioka/project/oz++/work/lib/boot-class/00010000020003c2
installing /home/hotate/nishioka/project/oz++/work/lib/boot-class/00010000020003c3
installing /home/hotate/nishioka/project/oz++/work/lib/boot-class/00010000020003c7
installing /home/hotate/nishioka/project/oz++/work/lib/boot-class/00010000020003c8
installing /home/hotate/nishioka/project/oz++/work/lib/boot-class/00010000020003cc
installing /home/hotate/nishioka/project/oz++/work/lib/boot-class/00010000020003cd
installing /home/hotate/nishioka/project/oz++/work/lib/boot-class/00010000020003d8
installing /home/hotate/nishioka/project/oz++/work/lib/boot-class/00010000020003d9
installing /home/hotate/nishioka/project/oz++/work/lib/boot-class/00010000020003dd
installing /home/hotate/nishioka/project/oz++/work/lib/boot-class/00010000020003de
installing /home/hotate/nishioka/project/oz++/work/lib/boot-class/00010000020003e2
installing /home/hotate/nishioka/project/oz++/work/lib/boot-class/00010000020003e3
installing /home/hotate/nishioka/project/oz++/work/lib/boot-class/00010000020003e9
installing /home/hotate/nishioka/project/oz++/work/lib/boot-class/00010000020003ea
installing /home/hotate/nishioka/project/oz++/work/lib/boot-class/00010000020003f0
installing /home/hotate/nishioka/project/oz++/work/lib/boot-class/00010000020003f1
installing /home/hotate/nishioka/project/oz++/work/lib/boot-class/00010000020003f5
installing /home/hotate/nishioka/project/oz++/work/lib/boot-class/00010000020003f6
installing /home/hotate/nishioka/project/oz++/work/lib/boot-class/00010000020003fa
installing /home/hotate/nishioka/project/oz++/work/lib/boot-class/00010000020003fb
installing /home/hotate/nishioka/project/oz++/work/lib/boot-class/00010000020003ff
installing /home/hotate/nishioka/project/oz++/work/lib/boot-class/0001000002000400
installing /home/hotate/nishioka/project/oz++/work/lib/boot-class/0001000002000404
installing /home/hotate/nishioka/project/oz++/work/lib/boot-class/0001000002000405
installing /home/hotate/nishioka/project/oz++/work/lib/boot-class/0001000002000409
installing /home/hotate/nishioka/project/oz++/work/lib/boot-class/000100000200040a
installing /home/hotate/nishioka/project/oz++/work/lib/boot-class/000100000200040e
installing /home/hotate/nishioka/project/oz++/work/lib/boot-class/000100000200040f
installing /home/hotate/nishioka/project/oz++/work/lib/boot-class/0001000002000413
installing /home/hotate/nishioka/project/oz++/work/lib/boot-class/0001000002000414
installing /home/hotate/nishioka/project/oz++/work/lib/boot-class/0001000002000418
installing /home/hotate/nishioka/project/oz++/work/lib/boot-class/0001000002000419
installing /home/hotate/nishioka/project/oz++/work/lib/boot-class/000100000200041d
installing /home/hotate/nishioka/project/oz++/work/lib/boot-class/000100000200041e
installing /home/hotate/nishioka/project/oz++/work/lib/boot-class/0001000002000422
installing /home/hotate/nishioka/project/oz++/work/lib/boot-class/0001000002000423
installing /home/hotate/nishioka/project/oz++/work/lib/boot-class/000100000200042c
installing /home/hotate/nishioka/project/oz++/work/lib/boot-class/000100000200042d
installing /home/hotate/nishioka/project/oz++/work/lib/boot-class/0001000002000431
installing /home/hotate/nishioka/project/oz++/work/lib/boot-class/0001000002000432
installing /home/hotate/nishioka/project/oz++/work/lib/boot-class/0001000002000438
installing /home/hotate/nishioka/project/oz++/work/lib/boot-class/0001000002000439
installing /home/hotate/nishioka/project/oz++/work/lib/boot-class/000100000200043f
installing /home/hotate/nishioka/project/oz++/work/lib/boot-class/0001000002000440
installing /home/hotate/nishioka/project/oz++/work/lib/boot-class/0001000002000444
installing /home/hotate/nishioka/project/oz++/work/lib/boot-class/0001000002000445
installing /home/hotate/nishioka/project/oz++/work/lib/boot-class/000100000200044b
installing /home/hotate/nishioka/project/oz++/work/lib/boot-class/000100000200044c
installing /home/hotate/nishioka/project/oz++/work/lib/boot-class/0001000002000452
installing /home/hotate/nishioka/project/oz++/work/lib/boot-class/0001000002000453
installing /home/hotate/nishioka/project/oz++/work/lib/boot-class/0001000002000457
installing /home/hotate/nishioka/project/oz++/work/lib/boot-class/0001000002000458
installing /home/hotate/nishioka/project/oz++/work/lib/boot-class/000100000200045c
installing /home/hotate/nishioka/project/oz++/work/lib/boot-class/000100000200045d
installing /home/hotate/nishioka/project/oz++/work/lib/boot-class/0001000002000463
installing /home/hotate/nishioka/project/oz++/work/lib/boot-class/0001000002000464
installing /home/hotate/nishioka/project/oz++/work/lib/boot-class/0001000002000468
installing /home/hotate/nishioka/project/oz++/work/lib/boot-class/0001000002000469
installing /home/hotate/nishioka/project/oz++/work/lib/boot-class/000100000200046d
installing /home/hotate/nishioka/project/oz++/work/lib/boot-class/000100000200046e
installing /home/hotate/nishioka/project/oz++/work/lib/boot-class/0001000002000474
installing /home/hotate/nishioka/project/oz++/work/lib/boot-class/0001000002000475
installing /home/hotate/nishioka/project/oz++/work/lib/boot-class/0001000002000479
installing /home/hotate/nishioka/project/oz++/work/lib/boot-class/000100000200047a
installing /home/hotate/nishioka/project/oz++/work/lib/boot-class/000100000200047e
installing /home/hotate/nishioka/project/oz++/work/lib/boot-class/000100000200047f
installing /home/hotate/nishioka/project/oz++/work/lib/boot-class/0001000002000483
installing /home/hotate/nishioka/project/oz++/work/lib/boot-class/0001000002000484
installing /home/hotate/nishioka/project/oz++/work/lib/boot-class/000100000200048a
installing /home/hotate/nishioka/project/oz++/work/lib/boot-class/000100000200048b
installing /home/hotate/nishioka/project/oz++/work/lib/boot-class/000100000200048f
installing /home/hotate/nishioka/project/oz++/work/lib/boot-class/0001000002000490
installing /home/hotate/nishioka/project/oz++/work/lib/boot-class/0001000002000494
installing /home/hotate/nishioka/project/oz++/work/lib/boot-class/0001000002000495
installing /home/hotate/nishioka/project/oz++/work/lib/boot-class/0001000002000499
installing /home/hotate/nishioka/project/oz++/work/lib/boot-class/000100000200049a
installing /home/hotate/nishioka/project/oz++/work/lib/boot-class/000100000200049e
installing /home/hotate/nishioka/project/oz++/work/lib/boot-class/000100000200049f
installing /home/hotate/nishioka/project/oz++/work/lib/boot-class/00010000020004a5
installing /home/hotate/nishioka/project/oz++/work/lib/boot-class/00010000020004a6
installing /home/hotate/nishioka/project/oz++/work/lib/boot-class/00010000020004aa
installing /home/hotate/nishioka/project/oz++/work/lib/boot-class/00010000020004ab
installing /home/hotate/nishioka/project/oz++/work/lib/boot-class/00010000020004af
installing /home/hotate/nishioka/project/oz++/work/lib/boot-class/00010000020004b0
installing /home/hotate/nishioka/project/oz++/work/lib/boot-class/00010000020004b4
installing /home/hotate/nishioka/project/oz++/work/lib/boot-class/00010000020004b5
installing /home/hotate/nishioka/project/oz++/work/lib/boot-class/00010000020004bb
installing /home/hotate/nishioka/project/oz++/work/lib/boot-class/00010000020004bc
installing /home/hotate/nishioka/project/oz++/work/lib/boot-class/00010000020004c0
installing /home/hotate/nishioka/project/oz++/work/lib/boot-class/00010000020004c1
installing /home/hotate/nishioka/project/oz++/work/lib/boot-class/00010000020004c7
installing /home/hotate/nishioka/project/oz++/work/lib/boot-class/00010000020004c8
installing /home/hotate/nishioka/project/oz++/work/lib/boot-class/00010000020004d1
installing /home/hotate/nishioka/project/oz++/work/lib/boot-class/00010000020004d2
installing /home/hotate/nishioka/project/oz++/work/lib/boot-class/00010000020004d6
installing /home/hotate/nishioka/project/oz++/work/lib/boot-class/00010000020004d7
installing /home/hotate/nishioka/project/oz++/work/lib/boot-class/00010000020004db
installing /home/hotate/nishioka/project/oz++/work/lib/boot-class/00010000020004dc
installing /home/hotate/nishioka/project/oz++/work/lib/boot-class/00010000020004e2
installing /home/hotate/nishioka/project/oz++/work/lib/boot-class/00010000020004e3
installing /home/hotate/nishioka/project/oz++/work/lib/boot-class/00010000020004fd
installing /home/hotate/nishioka/project/oz++/work/lib/boot-class/00010000020004fe
installing /home/hotate/nishioka/project/oz++/work/lib/boot-class/0001000002000504
installing /home/hotate/nishioka/project/oz++/work/lib/boot-class/0001000002000505
installing /home/hotate/nishioka/project/oz++/work/lib/boot-class/0001000002000509
installing /home/hotate/nishioka/project/oz++/work/lib/boot-class/000100000200050a
installing /home/hotate/nishioka/project/oz++/work/lib/boot-class/000100000200050e
installing /home/hotate/nishioka/project/oz++/work/lib/boot-class/000100000200050f
installing /home/hotate/nishioka/project/oz++/work/lib/boot-class/0001000002000515
installing /home/hotate/nishioka/project/oz++/work/lib/boot-class/0001000002000516
installing /home/hotate/nishioka/project/oz++/work/lib/boot-class/000100000200051a
installing /home/hotate/nishioka/project/oz++/work/lib/boot-class/000100000200051b
installing /home/hotate/nishioka/project/oz++/work/lib/boot-class/000100000200051f
installing /home/hotate/nishioka/project/oz++/work/lib/boot-class/0001000002000520
installing /home/hotate/nishioka/project/oz++/work/lib/boot-class/0001000002000524
installing /home/hotate/nishioka/project/oz++/work/lib/boot-class/0001000002000525
installing /home/hotate/nishioka/project/oz++/work/lib/boot-class/0001000002000529
installing /home/hotate/nishioka/project/oz++/work/lib/boot-class/000100000200052a
installing /home/hotate/nishioka/project/oz++/work/lib/boot-class/000100000200052e
installing /home/hotate/nishioka/project/oz++/work/lib/boot-class/000100000200052f
installing /home/hotate/nishioka/project/oz++/work/lib/boot-class/0001000002000535
installing /home/hotate/nishioka/project/oz++/work/lib/boot-class/0001000002000536
installing /home/hotate/nishioka/project/oz++/work/lib/boot-class/000100000200053a
installing /home/hotate/nishioka/project/oz++/work/lib/boot-class/000100000200053b
installing /home/hotate/nishioka/project/oz++/work/lib/boot-class/000100000200053f
installing /home/hotate/nishioka/project/oz++/work/lib/boot-class/0001000002000540
installing /home/hotate/nishioka/project/oz++/work/lib/boot-class/0001000002000544
installing /home/hotate/nishioka/project/oz++/work/lib/boot-class/0001000002000545
installing /home/hotate/nishioka/project/oz++/work/lib/boot-class/0001000002000549
installing /home/hotate/nishioka/project/oz++/work/lib/boot-class/000100000200054a
installing /home/hotate/nishioka/project/oz++/work/lib/boot-class/000100000200054e
installing /home/hotate/nishioka/project/oz++/work/lib/boot-class/000100000200054f
installing /home/hotate/nishioka/project/oz++/work/lib/boot-class/0001000002000553
installing /home/hotate/nishioka/project/oz++/work/lib/boot-class/0001000002000554
installing /home/hotate/nishioka/project/oz++/work/lib/boot-class/0001000002000558
installing /home/hotate/nishioka/project/oz++/work/lib/boot-class/0001000002000559
installing /home/hotate/nishioka/project/oz++/work/lib/boot-class/000100000200055f
installing /home/hotate/nishioka/project/oz++/work/lib/boot-class/0001000002000560
installing /home/hotate/nishioka/project/oz++/work/lib/boot-class/0001000002000564
installing /home/hotate/nishioka/project/oz++/work/lib/boot-class/0001000002000565
installing /home/hotate/nishioka/project/oz++/work/lib/boot-class/0001000002000569
installing /home/hotate/nishioka/project/oz++/work/lib/boot-class/000100000200056a
installing /home/hotate/nishioka/project/oz++/work/lib/boot-class/000100000200056e
installing /home/hotate/nishioka/project/oz++/work/lib/boot-class/000100000200056f
installing /home/hotate/nishioka/project/oz++/work/lib/boot-class/0001000002000573
installing /home/hotate/nishioka/project/oz++/work/lib/boot-class/0001000002000574
installing /home/hotate/nishioka/project/oz++/work/lib/boot-class/000100000200057a
installing /home/hotate/nishioka/project/oz++/work/lib/boot-class/000100000200057b
installing /home/hotate/nishioka/project/oz++/work/lib/boot-class/000100000200057f
installing /home/hotate/nishioka/project/oz++/work/lib/boot-class/0001000002000580
installing /home/hotate/nishioka/project/oz++/work/lib/boot-class/0001000002000584
installing /home/hotate/nishioka/project/oz++/work/lib/boot-class/0001000002000585
installing /home/hotate/nishioka/project/oz++/work/lib/boot-class/0001000002000589
installing /home/hotate/nishioka/project/oz++/work/lib/boot-class/000100000200058a
installing /home/hotate/nishioka/project/oz++/work/lib/boot-class/000100000200058e
installing /home/hotate/nishioka/project/oz++/work/lib/boot-class/000100000200058f
installing /home/hotate/nishioka/project/oz++/work/lib/boot-class/0001000002000595
installing /home/hotate/nishioka/project/oz++/work/lib/boot-class/0001000002000596
installing /home/hotate/nishioka/project/oz++/work/lib/boot-class/000100000200059a
installing /home/hotate/nishioka/project/oz++/work/lib/boot-class/000100000200059b
installing /home/hotate/nishioka/project/oz++/work/lib/boot-class/000100000200059f
installing /home/hotate/nishioka/project/oz++/work/lib/boot-class/00010000020005a0
installing /home/hotate/nishioka/project/oz++/work/lib/boot-class/00010000020005a4
installing /home/hotate/nishioka/project/oz++/work/lib/boot-class/00010000020005a5
installing /home/hotate/nishioka/project/oz++/work/lib/boot-class/00010000020005a9
installing /home/hotate/nishioka/project/oz++/work/lib/boot-class/00010000020005aa
installing /home/hotate/nishioka/project/oz++/work/lib/boot-class/00010000020005b0
installing /home/hotate/nishioka/project/oz++/work/lib/boot-class/00010000020005b1
installing /home/hotate/nishioka/project/oz++/work/lib/boot-class/00010000020005b5
installing /home/hotate/nishioka/project/oz++/work/lib/boot-class/00010000020005b6
installing /home/hotate/nishioka/project/oz++/work/lib/boot-class/00010000020005ba
installing /home/hotate/nishioka/project/oz++/work/lib/boot-class/00010000020005bb
installing /home/hotate/nishioka/project/oz++/work/lib/boot-class/00010000020005bf
installing /home/hotate/nishioka/project/oz++/work/lib/boot-class/00010000020005c0
installing /home/hotate/nishioka/project/oz++/work/lib/boot-class/00010000020005c6
installing /home/hotate/nishioka/project/oz++/work/lib/boot-class/00010000020005c7
installing /home/hotate/nishioka/project/oz++/work/lib/boot-class/00010000020005cb
installing /home/hotate/nishioka/project/oz++/work/lib/boot-class/00010000020005cc
installing /home/hotate/nishioka/project/oz++/work/lib/boot-class/00010000020005d2
installing /home/hotate/nishioka/project/oz++/work/lib/boot-class/00010000020005d3
installing /home/hotate/nishioka/project/oz++/work/lib/boot-class/00010000020005d7
installing /home/hotate/nishioka/project/oz++/work/lib/boot-class/00010000020005d8
installing /home/hotate/nishioka/project/oz++/work/lib/boot-class/00010000020005dc
installing /home/hotate/nishioka/project/oz++/work/lib/boot-class/00010000020005dd
installing /home/hotate/nishioka/project/oz++/work/lib/boot-class/00010000020005e1
installing /home/hotate/nishioka/project/oz++/work/lib/boot-class/00010000020005e2
installing /home/hotate/nishioka/project/oz++/work/lib/boot-class/00010000020005e6
installing /home/hotate/nishioka/project/oz++/work/lib/boot-class/00010000020005e7
installing /home/hotate/nishioka/project/oz++/work/lib/boot-class/00010000020005ed
installing /home/hotate/nishioka/project/oz++/work/lib/boot-class/00010000020005ee
installing /home/hotate/nishioka/project/oz++/work/lib/boot-class/00010000020005f2
installing /home/hotate/nishioka/project/oz++/work/lib/boot-class/00010000020005f3
installing /home/hotate/nishioka/project/oz++/work/lib/boot-class/00010000020005f7
installing /home/hotate/nishioka/project/oz++/work/lib/boot-class/00010000020005f8
installing /home/hotate/nishioka/project/oz++/work/lib/boot-class/00010000020005fc
installing /home/hotate/nishioka/project/oz++/work/lib/boot-class/00010000020005fd
installing /home/hotate/nishioka/project/oz++/work/lib/boot-class/0001000002000601
installing /home/hotate/nishioka/project/oz++/work/lib/boot-class/0001000002000602
installing /home/hotate/nishioka/project/oz++/work/lib/boot-class/0001000002000619
installing /home/hotate/nishioka/project/oz++/work/lib/boot-class/000100000200061a
installing /home/hotate/nishioka/project/oz++/work/lib/boot-class/000100000200061e
installing /home/hotate/nishioka/project/oz++/work/lib/boot-class/000100000200061f
installing /home/hotate/nishioka/project/oz++/work/lib/boot-class/0001000002000623
installing /home/hotate/nishioka/project/oz++/work/lib/boot-class/0001000002000624
installing /home/hotate/nishioka/project/oz++/work/lib/boot-class/0001000002000628
installing /home/hotate/nishioka/project/oz++/work/lib/boot-class/0001000002000629
installing /home/hotate/nishioka/project/oz++/work/lib/boot-class/000100000200062d
installing /home/hotate/nishioka/project/oz++/work/lib/boot-class/000100000200062e
installing /home/hotate/nishioka/project/oz++/work/lib/boot-class/0001000002000634
installing /home/hotate/nishioka/project/oz++/work/lib/boot-class/0001000002000635
installing /home/hotate/nishioka/project/oz++/work/lib/boot-class/0001000002000639
installing /home/hotate/nishioka/project/oz++/work/lib/boot-class/000100000200063a
installing /home/hotate/nishioka/project/oz++/work/lib/boot-class/000100000200063e
installing /home/hotate/nishioka/project/oz++/work/lib/boot-class/000100000200063f
installing /home/hotate/nishioka/project/oz++/work/lib/boot-class/0001000002000643
installing /home/hotate/nishioka/project/oz++/work/lib/boot-class/0001000002000644
installing /home/hotate/nishioka/project/oz++/work/lib/boot-class/0001000002000648
installing /home/hotate/nishioka/project/oz++/work/lib/boot-class/0001000002000649
installing /home/hotate/nishioka/project/oz++/work/lib/boot-class/000100000200066a
installing /home/hotate/nishioka/project/oz++/work/lib/boot-class/000100000200066b
installing /home/hotate/nishioka/project/oz++/work/lib/boot-class/000100000200066f
installing /home/hotate/nishioka/project/oz++/work/lib/boot-class/0001000002000670
installing /home/hotate/nishioka/project/oz++/work/lib/boot-class/0001000002000674
installing /home/hotate/nishioka/project/oz++/work/lib/boot-class/0001000002000675
installing /home/hotate/nishioka/project/oz++/work/lib/boot-class/0001000002000679
installing /home/hotate/nishioka/project/oz++/work/lib/boot-class/000100000200067a
installing /home/hotate/nishioka/project/oz++/work/lib/boot-class/000100000200067e
installing /home/hotate/nishioka/project/oz++/work/lib/boot-class/000100000200067f
installing /home/hotate/nishioka/project/oz++/work/lib/boot-class/0001000002000683
installing /home/hotate/nishioka/project/oz++/work/lib/boot-class/0001000002000684
installing /home/hotate/nishioka/project/oz++/work/lib/boot-class/0001000002000688
installing /home/hotate/nishioka/project/oz++/work/lib/boot-class/0001000002000689
installing /home/hotate/nishioka/project/oz++/work/lib/boot-class/000100000200068d
installing /home/hotate/nishioka/project/oz++/work/lib/boot-class/000100000200068e
installing /home/hotate/nishioka/project/oz++/work/lib/boot-class/0001000002000692
installing /home/hotate/nishioka/project/oz++/work/lib/boot-class/0001000002000693
installing /home/hotate/nishioka/project/oz++/work/lib/boot-class/0001000002000697
installing /home/hotate/nishioka/project/oz++/work/lib/boot-class/0001000002000698
installing /home/hotate/nishioka/project/oz++/work/lib/boot-class/000100000200069c
installing /home/hotate/nishioka/project/oz++/work/lib/boot-class/000100000200069d
installing /home/hotate/nishioka/project/oz++/work/lib/boot-class/00010000020006a1
installing /home/hotate/nishioka/project/oz++/work/lib/boot-class/00010000020006a2
installing /home/hotate/nishioka/project/oz++/work/lib/boot-class/00010000020006a6
installing /home/hotate/nishioka/project/oz++/work/lib/boot-class/00010000020006a7
installing /home/hotate/nishioka/project/oz++/work/lib/boot-class/00010000020006ab
installing /home/hotate/nishioka/project/oz++/work/lib/boot-class/00010000020006ac
installing /home/hotate/nishioka/project/oz++/work/lib/boot-class/00010000020006b0
installing /home/hotate/nishioka/project/oz++/work/lib/boot-class/00010000020006b1
installing /home/hotate/nishioka/project/oz++/work/lib/boot-class/00010000020006b5
installing /home/hotate/nishioka/project/oz++/work/lib/boot-class/00010000020006b6
installing /home/hotate/nishioka/project/oz++/work/lib/boot-class/00010000020006ba
installing /home/hotate/nishioka/project/oz++/work/lib/boot-class/00010000020006bb
installing /home/hotate/nishioka/project/oz++/work/lib/boot-class/00010000020006bf
installing /home/hotate/nishioka/project/oz++/work/lib/boot-class/00010000020006c0
installing /home/hotate/nishioka/project/oz++/work/lib/boot-class/00010000020006c4
installing /home/hotate/nishioka/project/oz++/work/lib/boot-class/00010000020006c5
installing /home/hotate/nishioka/project/oz++/work/lib/boot-class/00010000020006c9
installing /home/hotate/nishioka/project/oz++/work/lib/boot-class/00010000020006ca
installing /home/hotate/nishioka/project/oz++/work/lib/boot-class/00010000020006ce
installing /home/hotate/nishioka/project/oz++/work/lib/boot-class/00010000020006cf
installing /home/hotate/nishioka/project/oz++/work/lib/boot-class/00010000020006d3
installing /home/hotate/nishioka/project/oz++/work/lib/boot-class/00010000020006d4
installing /home/hotate/nishioka/project/oz++/work/lib/boot-class/00010000020006d8
installing /home/hotate/nishioka/project/oz++/work/lib/boot-class/00010000020006d9
installing /home/hotate/nishioka/project/oz++/work/lib/boot-class/000100000200075b
installing /home/hotate/nishioka/project/oz++/work/lib/boot-class/000100000200075c
installing /home/hotate/nishioka/project/oz++/work/lib/boot-class/0001000002000760
installing /home/hotate/nishioka/project/oz++/work/lib/boot-class/0001000002000761
installing /home/hotate/nishioka/project/oz++/work/lib/boot-class/0001000002000765
installing /home/hotate/nishioka/project/oz++/work/lib/boot-class/0001000002000766
installing /home/hotate/nishioka/project/oz++/work/lib/boot-class/000100000200076a
installing /home/hotate/nishioka/project/oz++/work/lib/boot-class/000100000200076b
installing /home/hotate/nishioka/project/oz++/work/lib/boot-class/000100000200076f
installing /home/hotate/nishioka/project/oz++/work/lib/boot-class/0001000002000770
installing /home/hotate/nishioka/project/oz++/work/lib/boot-class/0001000002000774
installing /home/hotate/nishioka/project/oz++/work/lib/boot-class/0001000002000775
installing /home/hotate/nishioka/project/oz++/work/lib/boot-class/0001000002000779
installing /home/hotate/nishioka/project/oz++/work/lib/boot-class/000100000200077a
installing /home/hotate/nishioka/project/oz++/work/lib/boot-class/0001000002000783
installing /home/hotate/nishioka/project/oz++/work/lib/boot-class/0001000002000784
installing /home/hotate/nishioka/project/oz++/work/lib/boot-class/0001000002000788
installing /home/hotate/nishioka/project/oz++/work/lib/boot-class/0001000002000789
installing /home/hotate/nishioka/project/oz++/work/lib/boot-class/000100000200078d
installing /home/hotate/nishioka/project/oz++/work/lib/boot-class/000100000200078e
installing /home/hotate/nishioka/project/oz++/work/lib/boot-class/0001000002000792
installing /home/hotate/nishioka/project/oz++/work/lib/boot-class/0001000002000793
installing /home/hotate/nishioka/project/oz++/work/lib/boot-class/0001000002000797
installing /home/hotate/nishioka/project/oz++/work/lib/boot-class/0001000002000798
installing /home/hotate/nishioka/project/oz++/work/lib/boot-class/000100000200079c
installing /home/hotate/nishioka/project/oz++/work/lib/boot-class/000100000200079d
installing /home/hotate/nishioka/project/oz++/work/lib/boot-class/00010000020007a3
installing /home/hotate/nishioka/project/oz++/work/lib/boot-class/00010000020007a4
installing /home/hotate/nishioka/project/oz++/work/lib/boot-class/00010000020007a8
installing /home/hotate/nishioka/project/oz++/work/lib/boot-class/00010000020007a9
installing /home/hotate/nishioka/project/oz++/work/lib/boot-class/00010000020007ad
installing /home/hotate/nishioka/project/oz++/work/lib/boot-class/00010000020007ae
installing /home/hotate/nishioka/project/oz++/work/lib/boot-class/00010000020007b2
installing /home/hotate/nishioka/project/oz++/work/lib/boot-class/00010000020007b3
installing /home/hotate/nishioka/project/oz++/work/lib/boot-class/00010000020007b7
installing /home/hotate/nishioka/project/oz++/work/lib/boot-class/00010000020007b8
installing /home/hotate/nishioka/project/oz++/work/lib/boot-class/00010000020007bc
installing /home/hotate/nishioka/project/oz++/work/lib/boot-class/00010000020007bd
installing /home/hotate/nishioka/project/oz++/work/lib/boot-class/00010000020007c1
installing /home/hotate/nishioka/project/oz++/work/lib/boot-class/00010000020007c2
installing /home/hotate/nishioka/project/oz++/work/lib/boot-class/00010000020007c6
installing /home/hotate/nishioka/project/oz++/work/lib/boot-class/00010000020007c7
installing /home/hotate/nishioka/project/oz++/work/lib/boot-class/00010000020007cb
installing /home/hotate/nishioka/project/oz++/work/lib/boot-class/00010000020007cc
installing /home/hotate/nishioka/project/oz++/work/lib/boot-class/00010000020007d0
installing /home/hotate/nishioka/project/oz++/work/lib/boot-class/00010000020007d1
installing /home/hotate/nishioka/project/oz++/work/lib/boot-class/00010000020007d5
installing /home/hotate/nishioka/project/oz++/work/lib/boot-class/00010000020007d6
installing /home/hotate/nishioka/project/oz++/work/lib/boot-class/00010000020007da
installing /home/hotate/nishioka/project/oz++/work/lib/boot-class/00010000020007db
installing /home/hotate/nishioka/project/oz++/work/lib/boot-class/00010000020007df
installing /home/hotate/nishioka/project/oz++/work/lib/boot-class/00010000020007e0
installing /home/hotate/nishioka/project/oz++/work/lib/boot-class/00010000020007e4
installing /home/hotate/nishioka/project/oz++/work/lib/boot-class/00010000020007e5
installing /home/hotate/nishioka/project/oz++/work/lib/boot-class/00010000020007e9
installing /home/hotate/nishioka/project/oz++/work/lib/boot-class/00010000020007ea
installing /home/hotate/nishioka/project/oz++/work/lib/boot-class/00010000020007ee
installing /home/hotate/nishioka/project/oz++/work/lib/boot-class/00010000020007ef
installing /home/hotate/nishioka/project/oz++/work/lib/boot-class/00010000020007f3
installing /home/hotate/nishioka/project/oz++/work/lib/boot-class/00010000020007f4
installing /home/hotate/nishioka/project/oz++/work/lib/boot-class/0001000002000823
installing /home/hotate/nishioka/project/oz++/work/lib/boot-class/0001000002000824
installing /home/hotate/nishioka/project/oz++/work/lib/boot-class/0001000002000828
installing /home/hotate/nishioka/project/oz++/work/lib/boot-class/0001000002000829
installing /home/hotate/nishioka/project/oz++/work/lib/boot-class/0001000002000841
installing /home/hotate/nishioka/project/oz++/work/lib/boot-class/0001000002000842
installing /home/hotate/nishioka/project/oz++/work/lib/boot-class/0001000002000846
installing /home/hotate/nishioka/project/oz++/work/lib/boot-class/0001000002000847
installing /home/hotate/nishioka/project/oz++/work/lib/boot-class/000100000200084b
installing /home/hotate/nishioka/project/oz++/work/lib/boot-class/000100000200084c
installing /home/hotate/nishioka/project/oz++/work/lib/boot-class/0001000002000852
installing /home/hotate/nishioka/project/oz++/work/lib/boot-class/0001000002000853
installing /home/hotate/nishioka/project/oz++/work/lib/boot-class/0001000002000857
installing /home/hotate/nishioka/project/oz++/work/lib/boot-class/0001000002000858
installing /home/hotate/nishioka/project/oz++/work/lib/boot-class/0001000002000861
installing /home/hotate/nishioka/project/oz++/work/lib/boot-class/0001000002000862
installing /home/hotate/nishioka/project/oz++/work/lib/boot-class/0001000002000866
installing /home/hotate/nishioka/project/oz++/work/lib/boot-class/0001000002000867
installing /home/hotate/nishioka/project/oz++/work/lib/boot-class/000100000200086d
installing /home/hotate/nishioka/project/oz++/work/lib/boot-class/000100000200086e
installing /home/hotate/nishioka/project/oz++/work/lib/boot-class/0001000002000872
installing /home/hotate/nishioka/project/oz++/work/lib/boot-class/0001000002000873
installing /home/hotate/nishioka/project/oz++/work/lib/boot-class/0001000002000877
installing /home/hotate/nishioka/project/oz++/work/lib/boot-class/0001000002000878
installing /home/hotate/nishioka/project/oz++/work/lib/boot-class/0001000002000883
installing /home/hotate/nishioka/project/oz++/work/lib/boot-class/0001000002000884
installing /home/hotate/nishioka/project/oz++/work/lib/boot-class/0001000002000888
installing /home/hotate/nishioka/project/oz++/work/lib/boot-class/0001000002000889
installing /home/hotate/nishioka/project/oz++/work/lib/boot-class/000100000200088d
installing /home/hotate/nishioka/project/oz++/work/lib/boot-class/000100000200088e
installing /home/hotate/nishioka/project/oz++/work/lib/boot-class/0001000002000892
installing /home/hotate/nishioka/project/oz++/work/lib/boot-class/0001000002000893
installing /home/hotate/nishioka/project/oz++/work/lib/boot-class/0001000002000897
installing /home/hotate/nishioka/project/oz++/work/lib/boot-class/0001000002000898
installing /home/hotate/nishioka/project/oz++/work/lib/boot-class/000100000200089c
installing /home/hotate/nishioka/project/oz++/work/lib/boot-class/000100000200089d
installing /home/hotate/nishioka/project/oz++/work/lib/boot-class/00010000020008a3
installing /home/hotate/nishioka/project/oz++/work/lib/boot-class/00010000020008a4
installing /home/hotate/nishioka/project/oz++/work/lib/boot-class/00010000020008c6
installing /home/hotate/nishioka/project/oz++/work/lib/boot-class/00010000020008c7
installing /home/hotate/nishioka/project/oz++/work/lib/boot-class/00010000020008cb
installing /home/hotate/nishioka/project/oz++/work/lib/boot-class/00010000020008cc
installing /home/hotate/nishioka/project/oz++/work/lib/boot-class/00010000020008d0
installing /home/hotate/nishioka/project/oz++/work/lib/boot-class/00010000020008d1
installing /home/hotate/nishioka/project/oz++/work/lib/boot-class/00010000020008e6
installing /home/hotate/nishioka/project/oz++/work/lib/boot-class/00010000020008e7
installing /home/hotate/nishioka/project/oz++/work/lib/boot-class/00010000020008ed
installing /home/hotate/nishioka/project/oz++/work/lib/boot-class/00010000020008ee
installing /home/hotate/nishioka/project/oz++/work/lib/boot-class/00010000020008f4
installing /home/hotate/nishioka/project/oz++/work/lib/boot-class/00010000020008f5
installing /home/hotate/nishioka/project/oz++/work/lib/boot-class/0001000002000903
installing /home/hotate/nishioka/project/oz++/work/lib/boot-class/0001000002000904
installing /home/hotate/nishioka/project/oz++/work/lib/boot-class/000100000200090c
installing /home/hotate/nishioka/project/oz++/work/lib/boot-class/000100000200090d
installing /home/hotate/nishioka/project/oz++/work/lib/boot-class/0001000002000911
installing /home/hotate/nishioka/project/oz++/work/lib/boot-class/0001000002000912
installing /home/hotate/nishioka/project/oz++/work/lib/boot-class/0001000002000920
installing /home/hotate/nishioka/project/oz++/work/lib/boot-class/0001000002000921
installing /home/hotate/nishioka/project/oz++/work/lib/boot-class/000100000200092f
installing /home/hotate/nishioka/project/oz++/work/lib/boot-class/0001000002000930
installing /home/hotate/nishioka/project/oz++/work/lib/boot-class/000100000200093e
installing /home/hotate/nishioka/project/oz++/work/lib/boot-class/000100000200093f
installing shared constatns
installing /home/hotate/nishioka/project/oz++/work/lib/boot-class/0001000002000002
installing /home/hotate/nishioka/project/oz++/work/lib/boot-class/000100000200005f
installing /home/hotate/nishioka/project/oz++/work/lib/boot-class/0001000002000061
installing /home/hotate/nishioka/project/oz++/work/lib/boot-class/00010000020000f4
installing /home/hotate/nishioka/project/oz++/work/lib/boot-class/000100000200015f
installing /home/hotate/nishioka/project/oz++/work/lib/boot-class/000100000200019a
installing /home/hotate/nishioka/project/oz++/work/lib/boot-class/00010000020001a3
installing /home/hotate/nishioka/project/oz++/work/lib/boot-class/000100000200021d
installing /home/hotate/nishioka/project/oz++/work/lib/boot-class/0001000002000238
installing /home/hotate/nishioka/project/oz++/work/lib/boot-class/00010000020002af
installing /home/hotate/nishioka/project/oz++/work/lib/boot-class/00010000020002c9
installing /home/hotate/nishioka/project/oz++/work/lib/boot-class/00010000020002e4
installing /home/hotate/nishioka/project/oz++/work/lib/boot-class/00010000020002f5
installing /home/hotate/nishioka/project/oz++/work/lib/boot-class/00010000020002f7
installing /home/hotate/nishioka/project/oz++/work/lib/boot-class/000100000200033f
installing /home/hotate/nishioka/project/oz++/work/lib/boot-class/0001000002000361
installing /home/hotate/nishioka/project/oz++/work/lib/boot-class/000100000200039f
installing /home/hotate/nishioka/project/oz++/work/lib/boot-class/00010000020003ba
installing /home/hotate/nishioka/project/oz++/work/lib/boot-class/00010000020003d0
installing /home/hotate/nishioka/project/oz++/work/lib/boot-class/00010000020003e6
installing /home/hotate/nishioka/project/oz++/work/lib/boot-class/00010000020003ed
installing /home/hotate/nishioka/project/oz++/work/lib/boot-class/0001000002000435
installing /home/hotate/nishioka/project/oz++/work/lib/boot-class/000100000200043c
installing /home/hotate/nishioka/project/oz++/work/lib/boot-class/0001000002000448
installing /home/hotate/nishioka/project/oz++/work/lib/boot-class/000100000200044f
installing /home/hotate/nishioka/project/oz++/work/lib/boot-class/0001000002000460
installing /home/hotate/nishioka/project/oz++/work/lib/boot-class/0001000002000471
installing /home/hotate/nishioka/project/oz++/work/lib/boot-class/0001000002000487
installing /home/hotate/nishioka/project/oz++/work/lib/boot-class/00010000020004a2
installing /home/hotate/nishioka/project/oz++/work/lib/boot-class/00010000020004b8
installing /home/hotate/nishioka/project/oz++/work/lib/boot-class/00010000020004c4
installing /home/hotate/nishioka/project/oz++/work/lib/boot-class/00010000020004df
installing /home/hotate/nishioka/project/oz++/work/lib/boot-class/0001000002000501
installing /home/hotate/nishioka/project/oz++/work/lib/boot-class/0001000002000512
installing /home/hotate/nishioka/project/oz++/work/lib/boot-class/0001000002000532
installing /home/hotate/nishioka/project/oz++/work/lib/boot-class/000100000200055c
installing /home/hotate/nishioka/project/oz++/work/lib/boot-class/0001000002000577
installing /home/hotate/nishioka/project/oz++/work/lib/boot-class/0001000002000592
installing /home/hotate/nishioka/project/oz++/work/lib/boot-class/00010000020005ad
installing /home/hotate/nishioka/project/oz++/work/lib/boot-class/00010000020005c3
installing /home/hotate/nishioka/project/oz++/work/lib/boot-class/00010000020005cf
installing /home/hotate/nishioka/project/oz++/work/lib/boot-class/00010000020005ea
installing /home/hotate/nishioka/project/oz++/work/lib/boot-class/0001000002000605
installing /home/hotate/nishioka/project/oz++/work/lib/boot-class/0001000002000631
installing /home/hotate/nishioka/project/oz++/work/lib/boot-class/000100000200064c
installing /home/hotate/nishioka/project/oz++/work/lib/boot-class/00010000020006dc
installing /home/hotate/nishioka/project/oz++/work/lib/boot-class/00010000020006de
installing /home/hotate/nishioka/project/oz++/work/lib/boot-class/00010000020006e0
installing /home/hotate/nishioka/project/oz++/work/lib/boot-class/00010000020006e2
installing /home/hotate/nishioka/project/oz++/work/lib/boot-class/00010000020007a0
installing /home/hotate/nishioka/project/oz++/work/lib/boot-class/00010000020007fd
installing /home/hotate/nishioka/project/oz++/work/lib/boot-class/00010000020007ff
installing /home/hotate/nishioka/project/oz++/work/lib/boot-class/000100000200084f
installing /home/hotate/nishioka/project/oz++/work/lib/boot-class/000100000200086a
installing /home/hotate/nishioka/project/oz++/work/lib/boot-class/000100000200087b
installing /home/hotate/nishioka/project/oz++/work/lib/boot-class/00010000020008a0
installing /home/hotate/nishioka/project/oz++/work/lib/boot-class/00010000020008d4
installing /home/hotate/nishioka/project/oz++/work/lib/boot-class/00010000020008ea
installing /home/hotate/nishioka/project/oz++/work/lib/boot-class/00010000020008f1
installing /home/hotate/nishioka/project/oz++/work/lib/boot-class/0001000002000907
installing /home/hotate/nishioka/project/oz++/work/lib/boot-class/0001000002000909
installing records
installing /home/hotate/nishioka/project/oz++/work/lib/boot-class/0001000002000004/public.h
/home/hotate/nishioka/project/oz++/work/lib/boot-class/0001000002000004/public.t
/home/hotate/nishioka/project/oz++/work/lib/boot-class/0001000002000004/public.z
installing /home/hotate/nishioka/project/oz++/work/lib/boot-class/000100000200017a/public.h
/home/hotate/nishioka/project/oz++/work/lib/boot-class/000100000200017a/public.t
/home/hotate/nishioka/project/oz++/work/lib/boot-class/000100000200017a/public.z
installing /home/hotate/nishioka/project/oz++/work/lib/boot-class/00010000020001a1/public.h
/home/hotate/nishioka/project/oz++/work/lib/boot-class/00010000020001a1/public.t
/home/hotate/nishioka/project/oz++/work/lib/boot-class/00010000020001a1/public.z
installing /home/hotate/nishioka/project/oz++/work/lib/boot-class/000100000200029e/public.h
/home/hotate/nishioka/project/oz++/work/lib/boot-class/000100000200029e/public.t
/home/hotate/nishioka/project/oz++/work/lib/boot-class/000100000200029e/public.z
installing /home/hotate/nishioka/project/oz++/work/lib/boot-class/000100000200035f/public.h
/home/hotate/nishioka/project/oz++/work/lib/boot-class/000100000200035f/public.t
/home/hotate/nishioka/project/oz++/work/lib/boot-class/000100000200035f/public.z
installing /home/hotate/nishioka/project/oz++/work/lib/boot-class/.oz++admin
